<?xml version="1.0" encoding="UTF-8"?>
<!-- Generated by org.testng.reporters.JUnitReportReporter -->
<testsuite hostname="LAPTOP-H07QENVF" failures="0" tests="1" name="PruebaTest" time="0.006" errors="0" timestamp="2021-07-25T18:07:15 PET" skipped="0">
  <testcase classname="PruebaTest" name="test1" time="0.006"/>
  <system-out/>
</testsuite> <!-- PruebaTest -->
